#
# There is insufficient memory for the Java Runtime Environment to continue.
# Native memory allocation (malloc) failed to allocate 32744 bytes for ChunkPool::allocate
# Possible reasons:
#   The system is out of physical RAM or swap space
#   In 32 bit mode, the process size limit was hit
# Possible solutions:
#   Reduce memory load on the system
#   Increase physical memory or swap space
#   Check if swap backing store is full
#   Use 64 bit Java on a 64 bit OS
#   Decrease Java heap size (-Xmx/-Xms)
#   Decrease number of Java threads
#   Decrease Java thread stack sizes (-Xss)
#   Set larger code cache with -XX:ReservedCodeCacheSize=
# This output file may be truncated or incomplete.
#
#  Out of Memory Error (allocation.cpp:273), pid=5324, tid=0x0000000000001f1c
#
# JRE version: Java(TM) SE Runtime Environment (8.0_131-b11) (build 1.8.0_131-b11)
# Java VM: Java HotSpot(TM) 64-Bit Server VM (25.131-b11 mixed mode windows-amd64 compressed oops)
# Failed to write core dump. Minidumps are not enabled by default on client versions of Windows
#

---------------  T H R E A D  ---------------

Current thread (0x0000000019c67800):  VMThread [stack: 0x000000001ad10000,0x000000001ae10000] [id=7964]

Stack: [0x000000001ad10000,0x000000001ae10000]
[error occurred during error reporting (printing stack bounds), id 0xc0000005]

Native frames: (J=compiled Java code, j=interpreted, Vv=VM code, C=native code)

VM_Operation (0x000000002494e330): BulkRevokeBias, mode: safepoint, requested by thread 0x000000001decb000


---------------  P R O C E S S  ---------------

Java Threads: ( => current thread )
  0x000000002b93c800 JavaThread "Keep-Alive-Timer" daemon [_thread_blocked, id=3652, stack(0x000000002f520000,0x000000002f620000)]
  0x000000002b933000 JavaThread "http-nio-10100-exec-118" daemon [_thread_blocked, id=9476, stack(0x000000002f420000,0x000000002f520000)]
  0x000000002b933800 JavaThread "http-nio-10100-exec-117" daemon [_thread_blocked, id=7744, stack(0x000000002f320000,0x000000002f420000)]
  0x000000002b936000 JavaThread "http-nio-10100-exec-116" daemon [_thread_blocked, id=3296, stack(0x000000002f220000,0x000000002f320000)]
  0x000000002b930800 JavaThread "http-nio-10100-exec-115" daemon [_thread_blocked, id=8600, stack(0x000000002f020000,0x000000002f120000)]
  0x000000002b936800 JavaThread "http-nio-10100-exec-114" daemon [_thread_blocked, id=9844, stack(0x000000002ef20000,0x000000002f020000)]
  0x000000002b939000 JavaThread "http-nio-10100-exec-113" daemon [_thread_blocked, id=4912, stack(0x000000002ed20000,0x000000002ee20000)]
  0x000000002b931800 JavaThread "http-nio-10100-exec-112" daemon [_thread_blocked, id=9932, stack(0x000000002ec20000,0x000000002ed20000)]
  0x000000002b938000 JavaThread "http-nio-10100-exec-111" daemon [_thread_blocked, id=5016, stack(0x000000002eb20000,0x000000002ec20000)]
  0x000000002b932000 JavaThread "http-nio-10100-exec-110" daemon [_thread_blocked, id=3048, stack(0x000000002ea20000,0x000000002eb20000)]
  0x000000002b935000 JavaThread "http-nio-10100-exec-109" daemon [_thread_blocked, id=12124, stack(0x000000002e820000,0x000000002e920000)]
  0x000000002b937800 JavaThread "http-nio-10100-exec-108" daemon [_thread_blocked, id=11036, stack(0x000000002e420000,0x000000002e520000)]
  0x000000002b930000 JavaThread "http-nio-10100-exec-107" daemon [_thread_blocked, id=5144, stack(0x000000002e320000,0x000000002e420000)]
  0x000000002b934800 JavaThread "http-nio-10100-exec-106" daemon [_thread_blocked, id=5820, stack(0x000000002e220000,0x000000002e320000)]
  0x000000002b85d000 JavaThread "http-nio-10100-exec-105" daemon [_thread_blocked, id=2332, stack(0x000000002e120000,0x000000002e220000)]
  0x000000002b859000 JavaThread "http-nio-10100-exec-104" daemon [_thread_blocked, id=2996, stack(0x000000002e020000,0x000000002e120000)]
  0x000000002b85c000 JavaThread "http-nio-10100-exec-103" daemon [_thread_blocked, id=1776, stack(0x000000002df20000,0x000000002e020000)]
  0x000000002b858000 JavaThread "http-nio-10100-exec-102" daemon [_thread_blocked, id=4820, stack(0x000000002de20000,0x000000002df20000)]
  0x000000002b85a800 JavaThread "http-nio-10100-exec-101" daemon [_thread_blocked, id=6252, stack(0x000000002dd20000,0x000000002de20000)]
  0x000000002b857800 JavaThread "http-nio-10100-exec-100" daemon [_thread_blocked, id=10660, stack(0x000000002dc20000,0x000000002dd20000)]
  0x000000002b855000 JavaThread "http-nio-10100-exec-99" daemon [_thread_blocked, id=5404, stack(0x000000002db20000,0x000000002dc20000)]
  0x000000002b856800 JavaThread "http-nio-10100-exec-98" daemon [_thread_blocked, id=11164, stack(0x000000002da20000,0x000000002db20000)]
  0x000000002b85a000 JavaThread "http-nio-10100-exec-97" daemon [_thread_blocked, id=4380, stack(0x000000002d920000,0x000000002da20000)]
  0x000000002b85b800 JavaThread "http-nio-10100-exec-96" daemon [_thread_blocked, id=10712, stack(0x000000002d820000,0x000000002d920000)]
  0x000000002b84f000 JavaThread "http-nio-10100-exec-95" daemon [_thread_blocked, id=10900, stack(0x000000002d720000,0x000000002d820000)]
  0x000000002b856000 JavaThread "http-nio-10100-exec-94" daemon [_thread_blocked, id=3144, stack(0x000000002d620000,0x000000002d720000)]
  0x000000002b853800 JavaThread "http-nio-10100-exec-93" daemon [_thread_blocked, id=7880, stack(0x000000002d520000,0x000000002d620000)]
  0x000000002b84d800 JavaThread "http-nio-10100-exec-92" daemon [_thread_blocked, id=8068, stack(0x000000002d420000,0x000000002d520000)]
  0x000000002b854800 JavaThread "http-nio-10100-exec-91" daemon [_thread_blocked, id=6320, stack(0x000000002d320000,0x000000002d420000)]
  0x000000002b853000 JavaThread "http-nio-10100-exec-90" daemon [_thread_blocked, id=5512, stack(0x000000002d220000,0x000000002d320000)]
  0x000000002b850800 JavaThread "http-nio-10100-exec-89" daemon [_thread_blocked, id=2428, stack(0x000000002d120000,0x000000002d220000)]
  0x000000002b850000 JavaThread "http-nio-10100-exec-88" daemon [_thread_blocked, id=12248, stack(0x000000002d020000,0x000000002d120000)]
  0x000000002b84e800 JavaThread "http-nio-10100-exec-87" daemon [_thread_blocked, id=11604, stack(0x000000002cf20000,0x000000002d020000)]
  0x000000002b851800 JavaThread "http-nio-10100-exec-86" daemon [_thread_blocked, id=10672, stack(0x000000002ce20000,0x000000002cf20000)]
  0x000000002b852000 JavaThread "http-nio-10100-exec-85" daemon [_thread_blocked, id=9328, stack(0x000000002cd20000,0x000000002ce20000)]
  0x0000000022f07000 JavaThread "http-nio-10100-exec-84" daemon [_thread_blocked, id=5108, stack(0x000000002cc20000,0x000000002cd20000)]
  0x0000000022f08000 JavaThread "http-nio-10100-exec-83" daemon [_thread_blocked, id=9644, stack(0x000000002cb20000,0x000000002cc20000)]
  0x0000000022f0e000 JavaThread "http-nio-10100-exec-82" daemon [_thread_blocked, id=6548, stack(0x000000002ca20000,0x000000002cb20000)]
  0x0000000022f0d000 JavaThread "http-nio-10100-exec-81" daemon [_thread_blocked, id=11404, stack(0x000000002c920000,0x000000002ca20000)]
  0x0000000022f0c800 JavaThread "http-nio-10100-exec-80" daemon [_thread_blocked, id=11948, stack(0x000000002c820000,0x000000002c920000)]
  0x0000000022f0a000 JavaThread "http-nio-10100-exec-79" daemon [_thread_blocked, id=10536, stack(0x000000002c720000,0x000000002c820000)]
  0x0000000022f0b800 JavaThread "http-nio-10100-exec-78" daemon [_thread_blocked, id=708, stack(0x000000002b650000,0x000000002b750000)]
  0x0000000022f09800 JavaThread "http-nio-10100-exec-77" daemon [_thread_blocked, id=5552, stack(0x000000002b550000,0x000000002b650000)]
  0x0000000022f08800 JavaThread "http-nio-10100-exec-76" daemon [_thread_blocked, id=9900, stack(0x000000002b450000,0x000000002b550000)]
  0x0000000022f06000 JavaThread "http-nio-10100-exec-75" daemon [_thread_blocked, id=10580, stack(0x000000002b350000,0x000000002b450000)]
  0x0000000022f04000 JavaThread "http-nio-10100-exec-74" daemon [_thread_blocked, id=10168, stack(0x000000002b250000,0x000000002b350000)]
  0x0000000022f05800 JavaThread "http-nio-10100-exec-73" daemon [_thread_blocked, id=9800, stack(0x000000002b150000,0x000000002b250000)]
  0x0000000022f0b000 JavaThread "http-nio-10100-exec-72" daemon [_thread_blocked, id=2084, stack(0x000000002b050000,0x000000002b150000)]
  0x0000000022f04800 JavaThread "http-nio-10100-exec-71" daemon [_thread_blocked, id=5752, stack(0x000000002af50000,0x000000002b050000)]
  0x0000000022efe800 JavaThread "http-nio-10100-exec-70" daemon [_thread_blocked, id=4544, stack(0x000000002ae50000,0x000000002af50000)]
  0x0000000022f00000 JavaThread "http-nio-10100-exec-69" daemon [_thread_blocked, id=11448, stack(0x000000002ad50000,0x000000002ae50000)]
  0x0000000022f01800 JavaThread "http-nio-10100-exec-68" daemon [_thread_blocked, id=7540, stack(0x000000002ac50000,0x000000002ad50000)]
  0x0000000022f02800 JavaThread "http-nio-10100-exec-67" daemon [_thread_blocked, id=6592, stack(0x000000002ab50000,0x000000002ac50000)]
  0x0000000022eff800 JavaThread "http-nio-10100-exec-66" daemon [_thread_blocked, id=11288, stack(0x000000002aa50000,0x000000002ab50000)]
  0x0000000022f01000 JavaThread "http-nio-10100-exec-65" daemon [_thread_blocked, id=3760, stack(0x000000002a950000,0x000000002aa50000)]
  0x0000000022f03000 JavaThread "http-nio-10100-exec-64" daemon [_thread_blocked, id=4332, stack(0x000000002a850000,0x000000002a950000)]
  0x000000001d125800 JavaThread "http-nio-10100-exec-63" daemon [_thread_blocked, id=11496, stack(0x000000002a750000,0x000000002a850000)]
  0x0000000022e80000 JavaThread "http-nio-10100-exec-62" daemon [_thread_blocked, id=9984, stack(0x000000002a650000,0x000000002a750000)]
  0x0000000022e7f800 JavaThread "http-nio-10100-exec-61" daemon [_thread_blocked, id=10132, stack(0x000000002a550000,0x000000002a650000)]
  0x0000000022e7e800 JavaThread "http-nio-10100-exec-60" daemon [_thread_blocked, id=10772, stack(0x000000002a450000,0x000000002a550000)]
  0x0000000022e7e000 JavaThread "http-nio-10100-exec-59" daemon [_thread_blocked, id=9988, stack(0x000000002a350000,0x000000002a450000)]
  0x0000000022e81000 JavaThread "http-nio-10100-exec-58" daemon [_thread_blocked, id=10664, stack(0x000000002a250000,0x000000002a350000)]
  0x0000000022e84800 JavaThread "http-nio-10100-exec-57" daemon [_thread_blocked, id=9904, stack(0x000000002a150000,0x000000002a250000)]
  0x0000000022e7d000 JavaThread "http-nio-10100-exec-56" daemon [_thread_blocked, id=11372, stack(0x000000002a050000,0x000000002a150000)]
  0x0000000022e82800 JavaThread "http-nio-10100-exec-55" daemon [_thread_blocked, id=972, stack(0x0000000029f50000,0x000000002a050000)]
  0x0000000022e81800 JavaThread "http-nio-10100-exec-52" daemon [_thread_blocked, id=8740, stack(0x0000000029e50000,0x0000000029f50000)]
  0x0000000022e84000 JavaThread "http-nio-10100-exec-54" daemon [_thread_blocked, id=7812, stack(0x0000000029d50000,0x0000000029e50000)]
  0x0000000022e83000 JavaThread "http-nio-10100-exec-53" daemon [_thread_blocked, id=1720, stack(0x0000000029c50000,0x0000000029d50000)]
  0x0000000022e75800 JavaThread "http-nio-10100-exec-51" daemon [_thread_blocked, id=10616, stack(0x0000000029b50000,0x0000000029c50000)]
  0x0000000022e78800 JavaThread "http-nio-10100-exec-50" daemon [_thread_blocked, id=9752, stack(0x0000000029950000,0x0000000029a50000)]
  0x0000000022e7b000 JavaThread "http-nio-10100-exec-49" daemon [_thread_blocked, id=8072, stack(0x0000000029850000,0x0000000029950000)]
  0x0000000022e78000 JavaThread "http-nio-10100-exec-46" daemon [_thread_blocked, id=11520, stack(0x0000000029750000,0x0000000029850000)]
  0x0000000022e77000 JavaThread "http-nio-10100-exec-48" daemon [_thread_blocked, id=1628, stack(0x0000000029650000,0x0000000029750000)]
  0x0000000022e76800 JavaThread "http-nio-10100-exec-47" daemon [_thread_blocked, id=8580, stack(0x0000000029550000,0x0000000029650000)]
  0x0000000022e7c800 JavaThread "http-nio-10100-exec-45" daemon [_thread_blocked, id=9260, stack(0x0000000029450000,0x0000000029550000)]
  0x0000000022e7b800 JavaThread "http-nio-10100-exec-44" daemon [_thread_blocked, id=5360, stack(0x0000000029350000,0x0000000029450000)]
  0x0000000022e7a000 JavaThread "http-nio-10100-exec-43" daemon [_thread_blocked, id=9536, stack(0x0000000029250000,0x0000000029350000)]
  0x000000002284a800 JavaThread "http-nio-10100-exec-42" daemon [_thread_blocked, id=8040, stack(0x0000000029150000,0x0000000029250000)]
  0x000000002284d000 JavaThread "http-nio-10100-exec-41" daemon [_thread_blocked, id=12236, stack(0x0000000029050000,0x0000000029150000)]
  0x0000000022849800 JavaThread "http-nio-10100-exec-40" daemon [_thread_blocked, id=10652, stack(0x0000000028f50000,0x0000000029050000)]
  0x000000002284b000 JavaThread "http-nio-10100-exec-39" daemon [_thread_blocked, id=6356, stack(0x0000000028e50000,0x0000000028f50000)]
  0x000000002284c000 JavaThread "http-nio-10100-exec-38" daemon [_thread_blocked, id=5496, stack(0x0000000028d50000,0x0000000028e50000)]
  0x0000000022842000 JavaThread "http-nio-10100-exec-37" daemon [_thread_blocked, id=6240, stack(0x0000000028c50000,0x0000000028d50000)]
  0x0000000022848000 JavaThread "http-nio-10100-exec-36" daemon [_thread_blocked, id=1080, stack(0x0000000028b50000,0x0000000028c50000)]
  0x0000000022849000 JavaThread "http-nio-10100-exec-35" daemon [_thread_blocked, id=10088, stack(0x0000000028a50000,0x0000000028b50000)]
  0x0000000022847800 JavaThread "http-nio-10100-exec-34" daemon [_thread_blocked, id=3880, stack(0x0000000028950000,0x0000000028a50000)]
  0x0000000022840000 JavaThread "http-nio-10100-exec-33" daemon [_thread_blocked, id=10248, stack(0x0000000028850000,0x0000000028950000)]
  0x0000000022846000 JavaThread "http-nio-10100-exec-32" daemon [_thread_blocked, id=9676, stack(0x0000000028750000,0x0000000028850000)]
  0x0000000022845000 JavaThread "http-nio-10100-exec-31" daemon [_thread_blocked, id=3676, stack(0x0000000028650000,0x0000000028750000)]
  0x0000000022841800 JavaThread "http-nio-10100-exec-28" daemon [_thread_blocked, id=9440, stack(0x0000000028550000,0x0000000028650000)]
  0x0000000022846800 JavaThread "http-nio-10100-exec-30" daemon [_thread_blocked, id=8624, stack(0x0000000028450000,0x0000000028550000)]
  0x0000000022843800 JavaThread "http-nio-10100-exec-29" daemon [_thread_blocked, id=9384, stack(0x0000000028350000,0x0000000028450000)]
  0x000000002283d800 JavaThread "http-nio-10100-exec-27" daemon [_thread_blocked, id=3560, stack(0x0000000028250000,0x0000000028350000)]
  0x0000000022843000 JavaThread "http-nio-10100-exec-26" daemon [_thread_blocked, id=6696, stack(0x0000000028150000,0x0000000028250000)]
  0x0000000022840800 JavaThread "http-nio-10100-exec-25" daemon [_thread_blocked, id=3392, stack(0x0000000028050000,0x0000000028150000)]
  0x000000002283f000 JavaThread "http-nio-10100-exec-24" daemon [_thread_blocked, id=11956, stack(0x0000000027f50000,0x0000000028050000)]
  0x000000002283e800 JavaThread "http-nio-10100-exec-23" daemon [_thread_blocked, id=11772, stack(0x0000000027e50000,0x0000000027f50000)]
  0x0000000022844800 JavaThread "http-nio-10100-exec-22" daemon [_thread_blocked, id=9228, stack(0x0000000027d50000,0x0000000027e50000)]
  0x000000001dec9800 JavaThread "http-nio-10100-exec-21" daemon [_thread_blocked, id=6064, stack(0x0000000027c50000,0x0000000027d50000)]
  0x000000001de5b800 JavaThread "http-nio-10100-exec-20" daemon [_thread_blocked, id=3136, stack(0x0000000027b50000,0x0000000027c50000)]
  0x000000001de59800 JavaThread "http-nio-10100-exec-19" daemon [_thread_blocked, id=2088, stack(0x0000000027a50000,0x0000000027b50000)]
  0x000000001d12e000 JavaThread "http-nio-10100-exec-18" daemon [_thread_blocked, id=224, stack(0x0000000027950000,0x0000000027a50000)]
  0x000000001d128800 JavaThread "http-nio-10100-exec-17" daemon [_thread_blocked, id=11752, stack(0x0000000026950000,0x0000000026a50000)]
  0x000000001d12b800 JavaThread "http-nio-10100-exec-16" daemon [_thread_blocked, id=804, stack(0x0000000026850000,0x0000000026950000)]
  0x000000001d12d000 JavaThread "AsyncResolver-bootstrap-executor-0" daemon [_thread_blocked, id=6480, stack(0x0000000026550000,0x0000000026650000)]
  0x000000001d12e800 JavaThread "http-nio-10100-exec-15" daemon [_thread_blocked, id=9388, stack(0x0000000026450000,0x0000000026550000)]
  0x000000001d129800 JavaThread "http-nio-10100-exec-14" daemon [_thread_blocked, id=9396, stack(0x0000000026350000,0x0000000026450000)]
  0x000000001d12b000 JavaThread "http-nio-10100-exec-13" daemon [_thread_blocked, id=3700, stack(0x0000000026250000,0x0000000026350000)]
  0x000000001d123800 JavaThread "http-nio-10100-exec-12" daemon [_thread_blocked, id=7136, stack(0x0000000026150000,0x0000000026250000)]
  0x000000001d121000 JavaThread "http-nio-10100-exec-11" daemon [_thread_blocked, id=7100, stack(0x0000000026050000,0x0000000026150000)]
  0x000000001d122800 JavaThread "hystrix-MovieService-10" daemon [_thread_blocked, id=1040, stack(0x0000000025950000,0x0000000025a50000)]
  0x000000001d125000 JavaThread "hystrix-MovieService-9" daemon [_thread_blocked, id=4028, stack(0x0000000025850000,0x0000000025950000)]
  0x000000001d124000 JavaThread "hystrix-MovieService-8" daemon [_thread_blocked, id=7704, stack(0x0000000025750000,0x0000000025850000)]
  0x000000001d122000 JavaThread "hystrix-MovieService-7" daemon [_thread_blocked, id=12192, stack(0x0000000025650000,0x0000000025750000)]
  0x000000001d127000 JavaThread "hystrix-MovieService-6" daemon [_thread_blocked, id=10532, stack(0x0000000025550000,0x0000000025650000)]
  0x000000001d126800 JavaThread "hystrix-MovieService-5" daemon [_thread_blocked, id=9944, stack(0x0000000025450000,0x0000000025550000)]
  0x000000001d11f800 JavaThread "hystrix-MovieService-4" daemon [_thread_blocked, id=10956, stack(0x0000000025350000,0x0000000025450000)]
  0x000000001debe000 JavaThread "HystrixTimer-4" daemon [_thread_blocked, id=10184, stack(0x0000000025250000,0x0000000025350000)]
  0x000000001dec2000 JavaThread "hystrix-MovieService-3" daemon [_thread_blocked, id=12136, stack(0x0000000025150000,0x0000000025250000)]
  0x000000001debd800 JavaThread "HystrixTimer-3" daemon [_thread_blocked, id=9668, stack(0x0000000025050000,0x0000000025150000)]
  0x000000001de5c800 JavaThread "hystrix-MovieService-2" daemon [_thread_blocked, id=10568, stack(0x0000000024e50000,0x0000000024f50000)]
  0x000000001de5b000 JavaThread "HystrixTimer-2" daemon [_thread_blocked, id=6584, stack(0x0000000024d50000,0x0000000024e50000)]
  0x000000001deca000 JavaThread "PollingServerListUpdater-1" daemon [_thread_blocked, id=7484, stack(0x0000000024a50000,0x0000000024b50000)]
  0x000000001decb800 JavaThread "RxComputationScheduler-4" daemon [_thread_blocked, id=5000, stack(0x0000000024950000,0x0000000024a50000)]
  0x000000001decb000 JavaThread "RxComputationScheduler-3" daemon [_thread_blocked, id=7708, stack(0x0000000024850000,0x0000000024950000)]
  0x000000001decc800 JavaThread "DataPublisher" daemon [_thread_blocked, id=3688, stack(0x0000000024650000,0x0000000024750000)]
  0x000000001dec8000 JavaThread "PollingServerListUpdater-0" daemon [_thread_blocked, id=5748, stack(0x0000000024550000,0x0000000024650000)]
  0x000000001dec8800 JavaThread "NFLoadBalancer-PingTimer-MOVIE-SERVICE-PROVIDER-1" daemon [_thread_blocked, id=9604, stack(0x0000000024450000,0x0000000024550000)]
  0x000000001dec0800 JavaThread "RibbonApacheHttpClientConfiguration.connectionManagerTimer" daemon [_thread_blocked, id=816, stack(0x0000000024350000,0x0000000024450000)]
  0x000000001dec7000 JavaThread "hystrix-MovieService-1" daemon [_thread_blocked, id=6408, stack(0x0000000024250000,0x0000000024350000)]
  0x000000001dec6800 JavaThread "HystrixTimer-1" daemon [_thread_blocked, id=1112, stack(0x0000000024150000,0x0000000024250000)]
  0x000000001dec5800 JavaThread "RxComputationScheduler-2" daemon [_thread_blocked, id=1488, stack(0x0000000024050000,0x0000000024150000)]
  0x000000001dec5000 JavaThread "DiscoveryClient-CacheRefreshExecutor-0" daemon [_thread_blocked, id=2472, stack(0x0000000023f50000,0x0000000024050000)]
  0x000000001dec3800 JavaThread "DiscoveryClient-HeartbeatExecutor-0" daemon [_thread_blocked, id=11756, stack(0x0000000023e50000,0x0000000023f50000)]
  0x000000001dec4000 JavaThread "RxComputationScheduler-1" daemon [_thread_blocked, id=3960, stack(0x0000000023b50000,0x0000000023c50000)]
  0x000000001dec2800 JavaThread "RxIoScheduler-3" daemon [_thread_blocked, id=2808, stack(0x0000000023a50000,0x0000000023b50000)]
  0x000000001dec1000 JavaThread "RxIoScheduler-2" daemon [_thread_blocked, id=3080, stack(0x0000000023950000,0x0000000023a50000)]
  0x000000001debf000 JavaThread "RxScheduledExecutorPool-2" daemon [_thread_blocked, id=5188, stack(0x0000000023850000,0x0000000023950000)]
  0x000000001debf800 JavaThread "RxScheduledExecutorPool-1" daemon [_thread_blocked, id=8980, stack(0x0000000023750000,0x0000000023850000)]
  0x000000001de60000 JavaThread "DestroyJavaVM" [_thread_blocked, id=11516, stack(0x0000000004eb0000,0x0000000004fb0000)]
  0x000000001de5e800 JavaThread "http-nio-10100-AsyncTimeout" daemon [_thread_blocked, id=356, stack(0x0000000021980000,0x0000000021a80000)]
  0x000000001de5d000 JavaThread "http-nio-10100-Acceptor-0" daemon [_thread_in_native, id=11876, stack(0x0000000021880000,0x0000000021980000)]
  0x000000001de5a000 JavaThread "http-nio-10100-ClientPoller-1" daemon [_thread_in_native, id=8256, stack(0x0000000021780000,0x0000000021880000)]
  0x000000001de5e000 JavaThread "http-nio-10100-ClientPoller-0" daemon [_thread_in_native, id=4676, stack(0x0000000021680000,0x0000000021780000)]
  0x000000001de5f800 JavaThread "http-nio-10100-exec-10" daemon [_thread_blocked, id=10076, stack(0x0000000021580000,0x0000000021680000)]
  0x000000001de52000 JavaThread "http-nio-10100-exec-9" daemon [_thread_blocked, id=1772, stack(0x0000000021480000,0x0000000021580000)]
  0x000000001de58800 JavaThread "http-nio-10100-exec-8" daemon [_thread_blocked, id=10092, stack(0x0000000021380000,0x0000000021480000)]
  0x000000001de58000 JavaThread "http-nio-10100-exec-7" daemon [_thread_blocked, id=10024, stack(0x0000000021280000,0x0000000021380000)]
  0x000000001de55000 JavaThread "http-nio-10100-exec-6" daemon [_thread_blocked, id=10020, stack(0x0000000021180000,0x0000000021280000)]
  0x000000001de53800 JavaThread "http-nio-10100-exec-5" daemon [_thread_blocked, id=7160, stack(0x0000000021080000,0x0000000021180000)]
  0x000000001de56800 JavaThread "http-nio-10100-exec-4" daemon [_thread_blocked, id=3248, stack(0x0000000020f80000,0x0000000021080000)]
  0x000000001de55800 JavaThread "http-nio-10100-exec-3" daemon [_thread_blocked, id=7248, stack(0x0000000020e80000,0x0000000020f80000)]
  0x000000001de57000 JavaThread "http-nio-10100-exec-2" daemon [_thread_blocked, id=10856, stack(0x0000000020d80000,0x0000000020e80000)]
  0x000000001de52800 JavaThread "http-nio-10100-exec-1" daemon [_thread_blocked, id=9248, stack(0x0000000020c80000,0x0000000020d80000)]
  0x000000001de54000 JavaThread "NioBlockingSelector.BlockPoller-1" daemon [_thread_in_native, id=2292, stack(0x0000000020b80000,0x0000000020c80000)]
  0x000000001de51000 JavaThread "HystrixMetricPoller" daemon [_thread_blocked, id=12244, stack(0x0000000020a80000,0x0000000020b80000)]
  0x000000001dad6800 JavaThread "DiscoveryClient-InstanceInfoReplicator-0" daemon [_thread_blocked, id=2444, stack(0x0000000020780000,0x0000000020880000)]
  0x000000001dad4000 JavaThread "DiscoveryClient-1" daemon [_thread_blocked, id=8188, stack(0x0000000020680000,0x0000000020780000)]
  0x000000001dada000 JavaThread "DiscoveryClient-0" daemon [_thread_blocked, id=876, stack(0x0000000020580000,0x0000000020680000)]
  0x000000001dad8800 JavaThread "AsyncResolver-bootstrap-0" daemon [_thread_blocked, id=1612, stack(0x0000000020180000,0x0000000020280000)]
  0x000000001dad5800 JavaThread "Eureka-JerseyClient-Conn-Cleaner2" daemon [_thread_blocked, id=9088, stack(0x000000001ff80000,0x0000000020080000)]
  0x000000001dad9800 JavaThread "Eureka-JerseyClient-Conn-Cleaner2" daemon [_thread_blocked, id=2076, stack(0x000000001fe80000,0x000000001ff80000)]
  0x000000001dad7000 JavaThread "spring.cloud.inetutils" daemon [_thread_blocked, id=3808, stack(0x000000001f980000,0x000000001fa80000)]
  0x000000001dad3800 JavaThread "RxIoScheduler-1 (Evictor)" daemon [_thread_blocked, id=6800, stack(0x000000001f580000,0x000000001f680000)]
  0x000000001dad8000 JavaThread "container-0" [_thread_blocked, id=10600, stack(0x000000001f180000,0x000000001f280000)]
  0x000000001dad5000 JavaThread "ContainerBackgroundProcessor[StandardEngine[Tomcat]]" daemon [_thread_blocked, id=896, stack(0x000000001f080000,0x000000001f180000)]
  0x000000001bcae800 JavaThread "RMI Scheduler(0)" daemon [_thread_blocked, id=4088, stack(0x000000001cab0000,0x000000001cbb0000)]
  0x000000001bae8800 JavaThread "RMI TCP Accept-0" daemon [_thread_in_native, id=6088, stack(0x000000001c510000,0x000000001c610000)]
  0x000000001ba84800 JavaThread "RMI TCP Accept-59740" daemon [_thread_in_native, id=5576, stack(0x000000001c410000,0x000000001c510000)]
  0x000000001ba77800 JavaThread "RMI TCP Accept-0" daemon [_thread_in_native, id=11500, stack(0x000000001c310000,0x000000001c410000)]
  0x000000001b852800 JavaThread "Service Thread" daemon [_thread_blocked, id=248, stack(0x000000001c210000,0x000000001c310000)]
  0x000000001b7c7000 JavaThread "C1 CompilerThread2" daemon [_thread_blocked, id=8120, stack(0x000000001c110000,0x000000001c210000)]
  0x000000001b40c000 JavaThread "C2 CompilerThread1" daemon [_thread_blocked, id=12240, stack(0x000000001c010000,0x000000001c110000)]
  0x000000001b40b000 JavaThread "C2 CompilerThread0" daemon [_thread_blocked, id=9204, stack(0x000000001bf10000,0x000000001c010000)]
  0x000000001b6fb000 JavaThread "Monitor Ctrl-Break" daemon [_thread_in_native, id=6732, stack(0x000000001be10000,0x000000001bf10000)]
  0x0000000019cc7000 JavaThread "Attach Listener" daemon [_thread_blocked, id=10716, stack(0x000000001b510000,0x000000001b610000)]
  0x0000000019cb5000 JavaThread "Signal Dispatcher" daemon [_thread_blocked, id=748, stack(0x000000001b410000,0x000000001b510000)]
  0x0000000019c90000 JavaThread "Finalizer" daemon [_thread_blocked, id=4456, stack(0x000000001af10000,0x000000001b010000)]
  0x0000000019c69000 JavaThread "Reference Handler" daemon [_thread_blocked, id=3724, stack(0x000000001ae10000,0x000000001af10000)]

Other Threads:
=>0x0000000019c67800 VMThread [stack: 0x000000001ad10000,0x000000001ae10000] [id=7964]
  0x000000001ba8f800 WatcherThread [stack: 0x000000001c610000,0x000000001c710000] [id=4612]

VM state:at safepoint (normal execution)

VM Mutex/Monitor currently owned by a thread:  ([mutex/lock_event])
[0x0000000004dae0d0] Threads_lock - owner thread: 0x0000000019c67800

Heap:
 PSYoungGen      total 616960K, used 140172K [0x00000000d6600000, 0x00000000fc500000, 0x0000000100000000)
  eden space 612352K, 22% used [0x00000000d6600000,0x00000000dec6f1f0,0x00000000fbc00000)
  from space 4608K, 54% used [0x00000000fbc00000,0x00000000fbe740c0,0x00000000fc080000)
  to   space 3072K, 0% used [0x00000000fc200000,0x00000000fc200000,0x00000000fc500000)
 ParOldGen       total 128000K, used 44029K [0x0000000083200000, 0x000000008af00000, 0x00000000d6600000)
  object space 128000K, 34% used [0x0000000083200000,0x0000000085cff498,0x000000008af00000)
 Metaspace       used 48958K, capacity 49838K, committed 50136K, reserved 1093632K
  class space    used 6429K, capacity 6650K, committed 6656K, reserved 1048576K

Card table byte_map: [0x0000000014610000,0x0000000014a00000] byte_map_base: 0x00000000141f7000

Marking Bits: (ParMarkBitMap*) 0x000000006425c720
 Begin Bits: [0x00000000150a0000, 0x0000000016fd8000)
 End Bits:   [0x0000000016fd8000, 0x0000000018f10000)

Polling page: 0x0000000002f40000

CodeCache: size=245760Kb used=18487Kb max_used=18487Kb free=227272Kb
 bounds [0x0000000005250000, 0x0000000006470000, 0x0000000014250000]
 total_blobs=9986 nmethods=9474 adapters=423
 compilation: enabled

Compilation events (10 events):
Event: 712.829 Thread 0x000000001b7c7000 9608       1       rx.internal.util.BackpressureDrainManager::<init> (10 bytes)
Event: 712.829 Thread 0x000000001b7c7000 nmethod 9608 0x000000000645f7d0 code [0x000000000645f920, 0x000000000645fa50]
Event: 712.829 Thread 0x000000001b7c7000 9609       1       rx.internal.util.BackpressureDrainManager::request (99 bytes)
Event: 712.830 Thread 0x000000001b7c7000 nmethod 9609 0x000000000645fad0 code [0x000000000645fc40, 0x000000000645fe68]
Event: 712.850 Thread 0x000000001b7c7000 9610       1       rx.internal.operators.OperatorOnBackpressureBuffer$BufferSubscriber::onStart (8 bytes)
Event: 712.850 Thread 0x000000001b7c7000 nmethod 9610 0x000000000645ff10 code [0x0000000006460060, 0x0000000006460188]
Event: 712.851 Thread 0x000000001b7c7000 9611       1       rx.Observable::onBackpressureBuffer (8 bytes)
Event: 712.851 Thread 0x000000001b7c7000 nmethod 9611 0x0000000006460210 code [0x0000000006460380, 0x0000000006460648]
Event: 712.851 Thread 0x000000001b7c7000 9612       1       rx.internal.operators.OperatorOnBackpressureBuffer::instance (4 bytes)
Event: 712.852 Thread 0x000000001b7c7000 nmethod 9612 0x0000000006460790 code [0x00000000064608e0, 0x00000000064609d0]

GC Heap History (10 events):
Event: 716.158 GC heap before
{Heap before GC invocations=1048 (full 3):
 PSYoungGen      total 615424K, used 614496K [0x00000000d6600000, 0x00000000fc500000, 0x0000000100000000)
  eden space 612352K, 100% used [0x00000000d6600000,0x00000000fbc00000,0x00000000fbc00000)
  from space 3072K, 69% used [0x00000000fc200000,0x00000000fc418050,0x00000000fc500000)
  to   space 4608K, 0% used [0x00000000fbc00000,0x00000000fbc00000,0x00000000fc080000)
 ParOldGen       total 128000K, used 43716K [0x0000000083200000, 0x000000008af00000, 0x00000000d6600000)
  object space 128000K, 34% used [0x0000000083200000,0x0000000085cb13d8,0x000000008af00000)
 Metaspace       used 48958K, capacity 49838K, committed 50136K, reserved 1093632K
  class space    used 6429K, capacity 6650K, committed 6656K, reserved 1048576K
Event: 716.162 GC heap after
Heap after GC invocations=1048 (full 3):
 PSYoungGen      total 616960K, used 2304K [0x00000000d6600000, 0x00000000fc500000, 0x0000000100000000)
  eden space 612352K, 0% used [0x00000000d6600000,0x00000000d6600000,0x00000000fbc00000)
  from space 4608K, 50% used [0x00000000fbc00000,0x00000000fbe40030,0x00000000fc080000)
  to   space 3072K, 0% used [0x00000000fc200000,0x00000000fc200000,0x00000000fc500000)
 ParOldGen       total 128000K, used 43788K [0x0000000083200000, 0x000000008af00000, 0x00000000d6600000)
  object space 128000K, 34% used [0x0000000083200000,0x0000000085cc33f8,0x000000008af00000)
 Metaspace       used 48958K, capacity 49838K, committed 50136K, reserved 1093632K
  class space    used 6429K, capacity 6650K, committed 6656K, reserved 1048576K
}
Event: 716.965 GC heap before
{Heap before GC invocations=1049 (full 3):
 PSYoungGen      total 616960K, used 614656K [0x00000000d6600000, 0x00000000fc500000, 0x0000000100000000)
  eden space 612352K, 100% used [0x00000000d6600000,0x00000000fbc00000,0x00000000fbc00000)
  from space 4608K, 50% used [0x00000000fbc00000,0x00000000fbe40030,0x00000000fc080000)
  to   space 3072K, 0% used [0x00000000fc200000,0x00000000fc200000,0x00000000fc500000)
 ParOldGen       total 128000K, used 43788K [0x0000000083200000, 0x000000008af00000, 0x00000000d6600000)
  object space 128000K, 34% used [0x0000000083200000,0x0000000085cc33f8,0x000000008af00000)
 Metaspace       used 48958K, capacity 49838K, committed 50136K, reserved 1093632K
  class space    used 6429K, capacity 6650K, committed 6656K, reserved 1048576K
Event: 716.969 GC heap after
Heap after GC invocations=1049 (full 3):
 PSYoungGen      total 615424K, used 2560K [0x00000000d6600000, 0x00000000fc500000, 0x0000000100000000)
  eden space 612352K, 0% used [0x00000000d6600000,0x00000000d6600000,0x00000000fbc00000)
  from space 3072K, 83% used [0x00000000fc200000,0x00000000fc480070,0x00000000fc500000)
  to   space 4608K, 0% used [0x00000000fbc00000,0x00000000fbc00000,0x00000000fc080000)
 ParOldGen       total 128000K, used 43836K [0x0000000083200000, 0x000000008af00000, 0x00000000d6600000)
  object space 128000K, 34% used [0x0000000083200000,0x0000000085ccf3f8,0x000000008af00000)
 Metaspace       used 48958K, capacity 49838K, committed 50136K, reserved 1093632K
  class space    used 6429K, capacity 6650K, committed 6656K, reserved 1048576K
}
Event: 717.779 GC heap before
{Heap before GC invocations=1050 (full 3):
 PSYoungGen      total 615424K, used 614912K [0x00000000d6600000, 0x00000000fc500000, 0x0000000100000000)
  eden space 612352K, 100% used [0x00000000d6600000,0x00000000fbc00000,0x00000000fbc00000)
  from space 3072K, 83% used [0x00000000fc200000,0x00000000fc480070,0x00000000fc500000)
  to   space 4608K, 0% used [0x00000000fbc00000,0x00000000fbc00000,0x00000000fc080000)
 ParOldGen       total 128000K, used 43836K [0x0000000083200000, 0x000000008af00000, 0x00000000d6600000)
  object space 128000K, 34% used [0x0000000083200000,0x0000000085ccf3f8,0x000000008af00000)
 Metaspace       used 48958K, capacity 49838K, committed 50136K, reserved 1093632K
  class space    used 6429K, capacity 6650K, committed 6656K, reserved 1048576K
Event: 717.783 GC heap after
Heap after GC invocations=1050 (full 3):
 PSYoungGen      total 616960K, used 2496K [0x00000000d6600000, 0x00000000fc500000, 0x0000000100000000)
  eden space 612352K, 0% used [0x00000000d6600000,0x00000000d6600000,0x00000000fbc00000)
  from space 4608K, 54% used [0x00000000fbc00000,0x00000000fbe70090,0x00000000fc080000)
  to   space 3072K, 0% used [0x00000000fc200000,0x00000000fc200000,0x00000000fc500000)
 ParOldGen       total 128000K, used 43893K [0x0000000083200000, 0x000000008af00000, 0x00000000d6600000)
  object space 128000K, 34% used [0x0000000083200000,0x0000000085cdd418,0x000000008af00000)
 Metaspace       used 48958K, capacity 49838K, committed 50136K, reserved 1093632K
  class space    used 6429K, capacity 6650K, committed 6656K, reserved 1048576K
}
Event: 718.755 GC heap before
{Heap before GC invocations=1051 (full 3):
 PSYoungGen      total 616960K, used 614848K [0x00000000d6600000, 0x00000000fc500000, 0x0000000100000000)
  eden space 612352K, 100% used [0x00000000d6600000,0x00000000fbc00000,0x00000000fbc00000)
  from space 4608K, 54% used [0x00000000fbc00000,0x00000000fbe70090,0x00000000fc080000)
  to   space 3072K, 0% used [0x00000000fc200000,0x00000000fc200000,0x00000000fc500000)
 ParOldGen       total 128000K, used 43893K [0x0000000083200000, 0x000000008af00000, 0x00000000d6600000)
  object space 128000K, 34% used [0x0000000083200000,0x0000000085cdd418,0x000000008af00000)
 Metaspace       used 48958K, capacity 49838K, committed 50136K, reserved 1093632K
  class space    used 6429K, capacity 6650K, committed 6656K, reserved 1048576K
Event: 718.761 GC heap after
Heap after GC invocations=1051 (full 3):
 PSYoungGen      total 615424K, used 1280K [0x00000000d6600000, 0x00000000fc500000, 0x0000000100000000)
  eden space 612352K, 0% used [0x00000000d6600000,0x00000000d6600000,0x00000000fbc00000)
  from space 3072K, 41% used [0x00000000fc200000,0x00000000fc340090,0x00000000fc500000)
  to   space 4608K, 0% used [0x00000000fbc00000,0x00000000fbc00000,0x00000000fc080000)
 ParOldGen       total 128000K, used 43957K [0x0000000083200000, 0x000000008af00000, 0x00000000d6600000)
  object space 128000K, 34% used [0x0000000083200000,0x0000000085ced478,0x000000008af00000)
 Metaspace       used 48958K, capacity 49838K, committed 50136K, reserved 1093632K
  class space    used 6429K, capacity 6650K, committed 6656K, reserved 1048576K
}
Event: 719.682 GC heap before
{Heap before GC invocations=1052 (full 3):
 PSYoungGen      total 615424K, used 613632K [0x00000000d6600000, 0x00000000fc500000, 0x0000000100000000)
  eden space 612352K, 100% used [0x00000000d6600000,0x00000000fbc00000,0x00000000fbc00000)
  from space 3072K, 41% used [0x00000000fc200000,0x00000000fc340090,0x00000000fc500000)
  to   space 4608K, 0% used [0x00000000fbc00000,0x00000000fbc00000,0x00000000fc080000)
 ParOldGen       total 128000K, used 43957K [0x0000000083200000, 0x000000008af00000, 0x00000000d6600000)
  object space 128000K, 34% used [0x0000000083200000,0x0000000085ced478,0x000000008af00000)
 Metaspace       used 48958K, capacity 49838K, committed 50136K, reserved 1093632K
  class space    used 6429K, capacity 6650K, committed 6656K, reserved 1048576K
Event: 719.688 GC heap after
Heap after GC invocations=1052 (full 3):
 PSYoungGen      total 616960K, used 2512K [0x00000000d6600000, 0x00000000fc500000, 0x0000000100000000)
  eden space 612352K, 0% used [0x00000000d6600000,0x00000000d6600000,0x00000000fbc00000)
  from space 4608K, 54% used [0x00000000fbc00000,0x00000000fbe740c0,0x00000000fc080000)
  to   space 3072K, 0% used [0x00000000fc200000,0x00000000fc200000,0x00000000fc500000)
 ParOldGen       total 128000K, used 44029K [0x0000000083200000, 0x000000008af00000, 0x00000000d6600000)
  object space 128000K, 34% used [0x0000000083200000,0x0000000085cff498,0x000000008af00000)
 Metaspace       used 48958K, capacity 49838K, committed 50136K, reserved 1093632K
  class space    used 6429K, capacity 6650K, committed 6656K, reserved 1048576K
}

Deoptimization events (0 events):
No events

Internal exceptions (10 events):
Event: 719.881 Thread 0x000000002b939000 Exception <a 'java/lang/ArrayIndexOutOfBoundsException'> (0x00000000de2299d8) thrown at [C:\re\workspace\8-2-build-windows-amd64-cygwin\jdk8u131\8869\hotspot\src\share\vm\runtime\sharedRuntime.cpp, line 605]
Event: 719.879 Thread 0x0000000022f04000 Exception <a 'java/lang/ArrayIndexOutOfBoundsException'> (0x00000000de090238) thrown at [C:\re\workspace\8-2-build-windows-amd64-cygwin\jdk8u131\8869\hotspot\src\share\vm\runtime\sharedRuntime.cpp, line 605]
Event: 719.859 Thread 0x000000002283d800 Exception <a 'java/lang/ArrayIndexOutOfBoundsException'> (0x00000000dc3b8458) thrown at [C:\re\workspace\8-2-build-windows-amd64-cygwin\jdk8u131\8869\hotspot\src\share\vm\runtime\sharedRuntime.cpp, line 605]
Event: 719.859 Thread 0x0000000022e81800 Exception <a 'java/lang/ArrayIndexOutOfBoundsException'> (0x00000000dd231bb0) thrown at [C:\re\workspace\8-2-build-windows-amd64-cygwin\jdk8u131\8869\hotspot\src\share\vm\runtime\sharedRuntime.cpp, line 605]
Event: 719.857 Thread 0x0000000022e7f800 Exception <a 'java/lang/ArrayIndexOutOfBoundsException'> (0x00000000dd102778) thrown at [C:\re\workspace\8-2-build-windows-amd64-cygwin\jdk8u131\8869\hotspot\src\share\vm\runtime\sharedRuntime.cpp, line 605]
Event: 719.853 Thread 0x0000000022f0a000 Exception <a 'java/lang/ArrayIndexOutOfBoundsException'> (0x00000000dcea3fe0) thrown at [C:\re\workspace\8-2-build-windows-amd64-cygwin\jdk8u131\8869\hotspot\src\share\vm\runtime\sharedRuntime.cpp, line 605]
Event: 719.848 Thread 0x0000000022e7d000 Exception <a 'java/lang/ArrayIndexOutOfBoundsException'> (0x00000000dca65cb0) thrown at [C:\re\workspace\8-2-build-windows-amd64-cygwin\jdk8u131\8869\hotspot\src\share\vm\runtime\sharedRuntime.cpp, line 605]
Event: 719.848 Thread 0x000000002b855000 Exception <a 'java/lang/ArrayIndexOutOfBoundsException'> (0x00000000dca243b8) thrown at [C:\re\workspace\8-2-build-windows-amd64-cygwin\jdk8u131\8869\hotspot\src\share\vm\runtime\sharedRuntime.cpp, line 605]
Event: 719.894 Thread 0x000000001de55000 Exception <a 'java/lang/ArrayIndexOutOfBoundsException'> (0x00000000debcdfa8) thrown at [C:\re\workspace\8-2-build-windows-amd64-cygwin\jdk8u131\8869\hotspot\src\share\vm\runtime\sharedRuntime.cpp, line 605]
Event: 719.897 Thread 0x000000002b934800 Exception <a 'java/lang/ArrayIndexOutOfBoundsException'> (0x00000000da818cc0) thrown at [C:\re\workspace\8-2-build-windows-amd64-cygwin\jdk8u131\8869\hotspot\src\share\vm\runtime\sharedRuntime.cpp, line 605]

Events (10 events):
Event: 719.412 Executing VM operation: RevokeBias done
Event: 719.412 Thread 0x000000002b939800 Thread exited: 0x000000002b939800
Event: 719.425 Thread 0x000000002b93c800 Thread added: 0x000000002b93c800
Event: 719.426 Executing VM operation: RevokeBias
Event: 719.428 Executing VM operation: RevokeBias done
Event: 719.679 Executing VM operation: ParallelGCFailedAllocation
Event: 719.688 Executing VM operation: ParallelGCFailedAllocation done
Event: 719.895 Executing VM operation: RevokeBias
Event: 719.899 Executing VM operation: RevokeBias done
Event: 719.899 Executing VM operation: BulkRevokeBias


Dynamic libraries:
0x00007ff769ee0000 - 0x00007ff769f17000 	E:\BC\jdk1.8\bin\java.exe
0x00007ffd16230000 - 0x00007ffd16410000 	C:\WINDOWS\SYSTEM32\ntdll.dll
0x00007ffd15b00000 - 0x00007ffd15bae000 	C:\WINDOWS\System32\KERNEL32.DLL
0x00007ffd131a0000 - 0x00007ffd13406000 	C:\WINDOWS\System32\KERNELBASE.dll
0x00007ffd16150000 - 0x00007ffd161f1000 	C:\WINDOWS\System32\ADVAPI32.dll
0x00007ffd15a60000 - 0x00007ffd15afd000 	C:\WINDOWS\System32\msvcrt.dll
0x00007ffd15600000 - 0x00007ffd1565b000 	C:\WINDOWS\System32\sechost.dll
0x00007ffd15bb0000 - 0x00007ffd15ccf000 	C:\WINDOWS\System32\RPCRT4.dll
0x00007ffd15470000 - 0x00007ffd155ff000 	C:\WINDOWS\System32\USER32.dll
0x00007ffd12fe0000 - 0x00007ffd13000000 	C:\WINDOWS\System32\win32u.dll
0x00007ffd13ef0000 - 0x00007ffd13f18000 	C:\WINDOWS\System32\GDI32.dll
0x00007ffd13000000 - 0x00007ffd13193000 	C:\WINDOWS\System32\gdi32full.dll
0x00007ffd13410000 - 0x00007ffd134ab000 	C:\WINDOWS\System32\msvcp_win.dll
0x00007ffd12ee0000 - 0x00007ffd12fd6000 	C:\WINDOWS\System32\ucrtbase.dll
0x00007ffd0b940000 - 0x00007ffd0bba9000 	C:\WINDOWS\WinSxS\amd64_microsoft.windows.common-controls_6595b64144ccf1df_6.0.16299.125_none_15cbcf8893620c09\COMCTL32.dll
0x00007ffd13710000 - 0x00007ffd13a18000 	C:\WINDOWS\System32\combase.dll
0x00007ffd134b0000 - 0x00007ffd13522000 	C:\WINDOWS\System32\bcryptPrimitives.dll
0x00007ffd15a30000 - 0x00007ffd15a5d000 	C:\WINDOWS\System32\IMM32.DLL
0x0000000065270000 - 0x0000000065342000 	E:\BC\jdk1.8\jre\bin\msvcr100.dll
0x0000000063a40000 - 0x00000000642dc000 	E:\BC\jdk1.8\jre\bin\server\jvm.dll
0x00007ffd13f20000 - 0x00007ffd13f28000 	C:\WINDOWS\System32\PSAPI.DLL
0x00007ffcfe660000 - 0x00007ffcfe669000 	C:\WINDOWS\SYSTEM32\WSOCK32.dll
0x00007ffd13e80000 - 0x00007ffd13eec000 	C:\WINDOWS\System32\WS2_32.dll
0x00007ffd0ed80000 - 0x00007ffd0eda3000 	C:\WINDOWS\SYSTEM32\WINMM.dll
0x00007ffd0d1c0000 - 0x00007ffd0d1ca000 	C:\WINDOWS\SYSTEM32\VERSION.dll
0x00007ffd0ed30000 - 0x00007ffd0ed5a000 	C:\WINDOWS\SYSTEM32\WINMMBASE.dll
0x00007ffd12740000 - 0x00007ffd1278a000 	C:\WINDOWS\System32\cfgmgr32.dll
0x0000000065260000 - 0x000000006526f000 	E:\BC\jdk1.8\jre\bin\verify.dll
0x0000000065230000 - 0x0000000065259000 	E:\BC\jdk1.8\jre\bin\java.dll
0x00000000651e0000 - 0x0000000065203000 	E:\BC\jdk1.8\jre\bin\instrument.dll
0x0000000065210000 - 0x0000000065226000 	E:\BC\jdk1.8\jre\bin\zip.dll
0x00007ffd13f90000 - 0x00007ffd153c6000 	C:\WINDOWS\System32\SHELL32.dll
0x00007ffd13b50000 - 0x00007ffd13bf6000 	C:\WINDOWS\System32\shcore.dll
0x00007ffd12790000 - 0x00007ffd12ed7000 	C:\WINDOWS\System32\windows.storage.dll
0x00007ffd13c80000 - 0x00007ffd13cd1000 	C:\WINDOWS\System32\shlwapi.dll
0x00007ffd125a0000 - 0x00007ffd125b1000 	C:\WINDOWS\System32\kernel.appcore.dll
0x00007ffd125c0000 - 0x00007ffd1260c000 	C:\WINDOWS\System32\powrprof.dll
0x00007ffd12580000 - 0x00007ffd1259b000 	C:\WINDOWS\System32\profapi.dll
0x00007ffd0e280000 - 0x00007ffd0e29a000 	E:\kaisheng24\IDEA\IntelliJ IDEA 2017.3\bin\breakgen64.dll
0x00000000651c0000 - 0x00000000651da000 	E:\BC\jdk1.8\jre\bin\net.dll
0x00007ffd11e10000 - 0x00007ffd11e76000 	C:\WINDOWS\system32\mswsock.dll
0x00000000651b0000 - 0x00000000651bd000 	E:\BC\jdk1.8\jre\bin\management.dll
0x0000000065190000 - 0x00000000651a1000 	E:\BC\jdk1.8\jre\bin\nio.dll
0x00007ffcfa290000 - 0x00007ffcfa2a6000 	C:\WINDOWS\system32\napinsp.dll
0x00007ffcf96c0000 - 0x00007ffcf96da000 	C:\WINDOWS\system32\pnrpnsp.dll
0x00007ffd0f450000 - 0x00007ffd0f468000 	C:\WINDOWS\system32\NLAapi.dll
0x00007ffd11be0000 - 0x00007ffd11c96000 	C:\WINDOWS\SYSTEM32\DNSAPI.dll
0x00007ffd13700000 - 0x00007ffd13708000 	C:\WINDOWS\System32\NSI.dll
0x00007ffd11ba0000 - 0x00007ffd11bd9000 	C:\WINDOWS\SYSTEM32\IPHLPAPI.DLL
0x00007ffd0eff0000 - 0x00007ffd0effe000 	C:\WINDOWS\System32\winrnr.dll
0x00007ffd08a80000 - 0x00007ffd08a8a000 	C:\Windows\System32\rasadhlp.dll
0x00007ffd0b830000 - 0x00007ffd0b8a0000 	C:\WINDOWS\System32\fwpuclnt.dll
0x00007ffd120e0000 - 0x00007ffd12105000 	C:\WINDOWS\SYSTEM32\bcrypt.dll
0x00007ffd11fd0000 - 0x00007ffd11fe7000 	C:\WINDOWS\SYSTEM32\CRYPTSP.dll
0x00007ffd11a20000 - 0x00007ffd11a53000 	C:\WINDOWS\system32\rsaenh.dll
0x00007ffd124b0000 - 0x00007ffd124d9000 	C:\WINDOWS\SYSTEM32\USERENV.dll
0x00007ffd11ff0000 - 0x00007ffd11ffb000 	C:\WINDOWS\SYSTEM32\CRYPTBASE.dll
0x00007ffd0dc00000 - 0x00007ffd0dc16000 	C:\WINDOWS\SYSTEM32\dhcpcsvc6.DLL
0x00007ffd0d2d0000 - 0x00007ffd0d2ea000 	C:\WINDOWS\SYSTEM32\dhcpcsvc.DLL
0x0000000065160000 - 0x0000000065184000 	E:\BC\jdk1.8\jre\bin\sunec.dll

VM Arguments:
jvm_args: -XX:TieredStopAtLevel=1 -Xverify:none -Dspring.output.ansi.enabled=always -Dcom.sun.management.jmxremote -Dcom.sun.management.jmxremote.port=59740 -Dcom.sun.management.jmxremote.authenticate=false -Dcom.sun.management.jmxremote.ssl=false -Djava.rmi.server.hostname=localhost -Dspring.liveBeansView.mbeanDomain -Dspring.application.admin.enabled=true -javaagent:E:\kaisheng24\IDEA\IntelliJ IDEA 2017.3\lib\idea_rt.jar=59741:E:\kaisheng24\IDEA\IntelliJ IDEA 2017.3\bin -Dfile.encoding=UTF-8 
java_command: com.kaishengit.eurekaconsumer.EurekaConsumerApplication
java_class_path (initial): E:\BC\jdk1.8\jre\lib\charsets.jar;E:\BC\jdk1.8\jre\lib\deploy.jar;E:\BC\jdk1.8\jre\lib\ext\access-bridge-64.jar;E:\BC\jdk1.8\jre\lib\ext\cldrdata.jar;E:\BC\jdk1.8\jre\lib\ext\dnsns.jar;E:\BC\jdk1.8\jre\lib\ext\jaccess.jar;E:\BC\jdk1.8\jre\lib\ext\jfxrt.jar;E:\BC\jdk1.8\jre\lib\ext\localedata.jar;E:\BC\jdk1.8\jre\lib\ext\nashorn.jar;E:\BC\jdk1.8\jre\lib\ext\sunec.jar;E:\BC\jdk1.8\jre\lib\ext\sunjce_provider.jar;E:\BC\jdk1.8\jre\lib\ext\sunmscapi.jar;E:\BC\jdk1.8\jre\lib\ext\sunpkcs11.jar;E:\BC\jdk1.8\jre\lib\ext\zipfs.jar;E:\BC\jdk1.8\jre\lib\javaws.jar;E:\BC\jdk1.8\jre\lib\jce.jar;E:\BC\jdk1.8\jre\lib\jfr.jar;E:\BC\jdk1.8\jre\lib\jfxswt.jar;E:\BC\jdk1.8\jre\lib\jsse.jar;E:\BC\jdk1.8\jre\lib\management-agent.jar;E:\BC\jdk1.8\jre\lib\plugin.jar;E:\BC\jdk1.8\jre\lib\resources.jar;E:\BC\jdk1.8\jre\lib\rt.jar;F:\IDEAForGithub\SpringCloud\eureka-consumer\target\classes;E:\kaisheng24\Maven\maven-lib\org\springframework\cloud\spring-cloud-starter-hystrix\1.4.0.RELEASE\spring-cloud-starter-hystrix-1.4.0.RELEASE.jar;E:\kaisheng24\Maven\maven-lib\org\springframework\cloud\spring-cloud-starter-netflix-hystrix\1.4.0.RELEASE\spring-cloud-starter-netflix-hystrix-1.4.0.RELEASE.jar;E:\kaisheng24\Maven\maven-lib\org\springframework\cloud\spring-cloud-starter\1.3.0.RELEASE\spring-cloud-starter-1.3.0.RELEASE.jar;E:\kaisheng24\Maven\maven-lib\org\springframework\cloud\spring-cloud-context\1.3.0.RELEASE\spring-cloud-context-1.3.0.RELEASE.jar;E:\kaisheng24\Maven\maven-lib\org\springframework\security\spring-security-rsa\1.0.3.RELEASE\spring-security-rsa-1.0.3.RELEASE.jar;E:\kaisheng24\Maven\maven-lib\org\bouncycastle\bcpkix-jdk15on\1.55\bcpkix-jdk15on-1.55.jar;E:\kaisheng24\Maven\maven-lib\org\bouncycastle\bcprov-jdk15on\1.55\bcprov-jdk15on-1.55.jar;E:\kaisheng24\Maven\maven-lib\org\springframework\cloud\spring-cloud-netflix-core\1.4.0.RELEASE\spring-cloud-netflix-core-1.4.0.RELEASE.jar;E:\kaisheng24\Maven\maven-lib\org\springframework\cloud\spring-cloud-start
Launcher Type: SUN_STANDARD

Environment Variables:
JAVA_HOME=E:\BC\jdk1.8
PATH=E:\kaisheng24\oracle\product\11.2.0\dbhome_1\bin;C:\Program Files (x86)\Intel\iCLS Client\;C:\Program Files\Intel\iCLS Client\;C:\Windows\system32;C:\Windows;C:\Windows\System32\Wbem;C:\Windows\System32\WindowsPowerShell\v1.0\;C:\Program Files (x86)\Intel\Intel(R) Management Engine Components\DAL;C:\Program Files\Intel\Intel(R) Management Engine Components\DAL;C:\Program Files (x86)\Intel\Intel(R) Management Engine Components\IPT;C:\Program Files\Intel\Intel(R) Management Engine Components\IPT;C:\Program Files (x86)\NVIDIA Corporation\PhysX\Common;C:\Program Files\Intel\WiFi\bin\;C:\Program Files\Common Files\Intel\WirelessCommon\;C:\WINDOWS\system32;C:\WINDOWS;C:\WINDOWS\System32\Wbem;C:\WINDOWS\System32\WindowsPowerShell\v1.0\;E:\BC\jdk1.8\bin;E:\kaisheng24\mySql\bin;E:\kaisheng24\Maven\apache-maven-3.5.0\bin;E:\kaisheng24\Git\cmd;C:\Users\67675\AppData\Local\Microsoft\WindowsApps;C:\Users\67675\AppData\Local\GitHubDesktop\bin
USERNAME=67675
OS=Windows_NT
PROCESSOR_IDENTIFIER=Intel64 Family 6 Model 94 Stepping 3, GenuineIntel



---------------  S Y S T E M  ---------------

OS: Windows 10.0 , 64 bit Build 16299 (10.0.16299.15)

CPU:total 4 (initial active 4) (4 cores per cpu, 1 threads per core) family 6 model 94 stepping 3, cmov, cx8, fxsr, mmx, sse, sse2, sse3, ssse3, sse4.1, sse4.2, popcnt, avx, avx2, aes, clmul, erms, rtm, 3dnowpref, lzcnt, tsc, tscinvbit, bmi1, bmi2, adx

Memory: 4k page, physical 8178660k(785356k free), swap 10275812k(166788k free)

vm_info: Java HotSpot(TM) 64-Bit Server VM (25.131-b11) for windows-amd64 JRE (1.8.0_131-b11), built on Mar 15 2017 01:23:53 by "java_re" with MS VC++ 10.0 (VS2010)

time: Wed Dec 27 21:28:20 2017
elapsed time: 720 seconds (0d 0h 12m 0s)

